* commit dc7e688ae1ba2758a057281b8319722d27fd77e5
| Author: torebtr <2338442533@qq.com>
| Date:   Sun Jun 19 19:24:47 2022 +0800
| 
|     debug  maybe all
| 
* commit e18beabfea24a58f5aa89be69b2b5719c6024083
| Author: torebtr <2338442533@qq.com>
| Date:   Tue May 31 16:58:41 2022 +0800
| 
|     debug
| 
* commit d332c3f0aea90759765ee92e4f2a624cb07ccb67
| Author: torebtr <2338442533@qq.com>
| Date:   Tue May 31 16:23:08 2022 +0800
| 
|     debug
| 
* commit 339bca47f08206717830d5b916d4a6e2d3ae0b0a
| Author: torebtr <2338442533@qq.com>
| Date:   Tue May 31 16:07:01 2022 +0800
| 
|     debug
| 
* commit df38826ad95f955ad7539ae534b20c5151a81433
| Author: torebtr <2338442533@qq.com>
| Date:   Fri May 27 15:07:47 2022 +0800
| 
|     user_manager
| 
* commit de7ef580d3e353baf9c562da5f8b261ee83075ce
| Author: torebtr <2338442533@qq.com>
| Date:   Thu May 26 12:01:06 2022 +0800
| 
|     my_setting && verify article
| 
* commit 4dfe6b2a3a08b62f835ddf02d66538556a3355bc
| Author: torebtr <2338442533@qq.com>
| Date:   Wed May 25 15:56:52 2022 +0800
| 
|     classify&&tag manager
| 
* commit 79377c51a84e308123057e0eb48f4f1dc901ede1
| Author: torebtr <2338442533@qq.com>
| Date:   Tue May 24 16:18:01 2022 +0800
| 
|     all_article&search auther/tags
| 
* commit c502556d41352ac319405fcc89cc0176fadc8e58
| Author: torebtr <2338442533@qq.com>
| Date:   Mon May 23 16:35:47 2022 +0800
| 
|     classify&tags&search
| 
* commit 8bae70a1450833df808a8c5d647e463dbcd61c26
| Author: torebtr <2338442533@qq.com>
| Date:   Sat May 21 20:19:39 2022 +0800
| 
|     create&&delete
| 
* commit 0620b0fba7e2f26de7eeee6e2c3be461da6c4a38
| Author: torebtr <2338442533@qq.com>
| Date:   Sat May 21 16:48:24 2022 +0800
| 
|     logout
| 
* commit 5c4227ec7a5d638a0681c3a3ea0fcf4e2cbf9cef
| Author: torebtr <2338442533@qq.com>
| Date:   Sat May 21 16:23:23 2022 +0800
| 
|     register && debug
| 
* commit 48e57ec72dbb4c5682ff0d6a0786c03b8bc88aac
| Author: torebtr <2338442533@qq.com>
| Date:   Sat May 21 14:55:49 2022 +0800
| 
|     debug
| 
* commit 1c340f7312c2c36644a0c3b56e6ee1d3c5508b27
| Author: torebtr <2338442533@qq.com>
| Date:   Fri May 20 17:25:53 2022 +0800
| 
|     login
| 
* commit 9ba8d6f51596feab4ee6ebb9578a7c9f9941464a
| Author: torebtr <2338442533@qq.com>
| Date:   Thu May 19 23:13:04 2022 +0800
| 
|     main
| 
* commit 3e8a1c75b4a28cd241dd77e769cfe274ad256676
| Author: torebtr <2338442533@qq.com>
| Date:   Thu May 12 23:30:08 2022 +0800
| 
|     modles
| 
* commit c5d04bd4655def4a90ec288341f3af65dc0dbe68
| Author: torebtr <2338442533@qq.com>
| Date:   Wed May 11 23:25:35 2022 +0800
| 
|     setting
| 
* commit 09f3dac26979c16d9996a352d27495138c407491
| Author: torebtr <2338442533@qq.com>
| Date:   Wed May 11 23:02:09 2022 +0800
| 
|     初始化
| 
* commit cc40ae39067f0aa2a3bafbf67a6b4db086f2d56e
| Author: Torebtr <54256626+Torebtr@users.noreply.github.com>
| Date:   Wed May 11 22:44:02 2022 +0800
| 
|     Delete XTUShare directory
| 
* commit 17a93da53be9a4cb9e40e74e4c661d91943286f3
  Author: Torebtr <54256626+Torebtr@users.noreply.github.com>
  Date:   Wed May 11 22:43:16 2022 +0800
  
      Add files via upload
